{"name":"hexo","hostname":"xuyuqiangdeMacBook-Pro-2.local","pid":22318,"level":20,"msg":"Hexo version: \u001b[35m3.2.2\u001b[39m","time":"2016-10-13T03:33:37.099Z","v":0}
{"name":"hexo","hostname":"xuyuqiangdeMacBook-Pro-2.local","pid":22318,"level":20,"msg":"Working directory: \u001b[35m~/hexo_demo/\u001b[39m","time":"2016-10-13T03:33:37.102Z","v":0}
{"name":"hexo","hostname":"xuyuqiangdeMacBook-Pro-2.local","pid":22318,"level":20,"msg":"Config loaded: \u001b[35m~/hexo_demo/_config.yml\u001b[39m","time":"2016-10-13T03:33:37.182Z","v":0}
{"name":"hexo","hostname":"xuyuqiangdeMacBook-Pro-2.local","pid":22318,"level":20,"msg":"Script loaded: \u001b[35mthemes/next/scripts/merge-configs.js\u001b[39m","time":"2016-10-13T03:33:37.194Z","v":0}
{"name":"hexo","hostname":"xuyuqiangdeMacBook-Pro-2.local","pid":22318,"level":20,"msg":"Script loaded: \u001b[35mthemes/next/scripts/tags/center-quote.js\u001b[39m","time":"2016-10-13T03:33:37.194Z","v":0}
{"name":"hexo","hostname":"xuyuqiangdeMacBook-Pro-2.local","pid":22318,"level":20,"msg":"Script loaded: \u001b[35mthemes/next/scripts/tags/full-image.js\u001b[39m","time":"2016-10-13T03:33:37.195Z","v":0}
{"name":"hexo","hostname":"xuyuqiangdeMacBook-Pro-2.local","pid":22318,"level":20,"msg":"Script loaded: \u001b[35mthemes/next/scripts/tags/group-pictures.js\u001b[39m","time":"2016-10-13T03:33:37.196Z","v":0}
{"name":"hexo","hostname":"xuyuqiangdeMacBook-Pro-2.local","pid":22318,"level":20,"msg":"Plugin loaded: \u001b[35mhexo-deployer-git\u001b[39m","time":"2016-10-13T03:33:37.394Z","v":0}
{"name":"hexo","hostname":"xuyuqiangdeMacBook-Pro-2.local","pid":22318,"level":20,"msg":"Plugin loaded: \u001b[35mhexo-generator-archive\u001b[39m","time":"2016-10-13T03:33:37.396Z","v":0}
{"name":"hexo","hostname":"xuyuqiangdeMacBook-Pro-2.local","pid":22318,"level":20,"msg":"Plugin loaded: \u001b[35mhexo-generator-category\u001b[39m","time":"2016-10-13T03:33:37.398Z","v":0}
{"name":"hexo","hostname":"xuyuqiangdeMacBook-Pro-2.local","pid":22318,"level":20,"msg":"Plugin loaded: \u001b[35mhexo-generator-index\u001b[39m","time":"2016-10-13T03:33:37.401Z","v":0}
{"name":"hexo","hostname":"xuyuqiangdeMacBook-Pro-2.local","pid":22318,"level":20,"msg":"Plugin loaded: \u001b[35mhexo-generator-tag\u001b[39m","time":"2016-10-13T03:33:37.405Z","v":0}
{"name":"hexo","hostname":"xuyuqiangdeMacBook-Pro-2.local","pid":22318,"level":20,"msg":"Plugin loaded: \u001b[35mhexo-renderer-ejs\u001b[39m","time":"2016-10-13T03:33:37.408Z","v":0}
{"name":"hexo","hostname":"xuyuqiangdeMacBook-Pro-2.local","pid":22318,"level":20,"msg":"Plugin loaded: \u001b[35mhexo-renderer-marked\u001b[39m","time":"2016-10-13T03:33:37.483Z","v":0}
{"name":"hexo","hostname":"xuyuqiangdeMacBook-Pro-2.local","pid":22318,"level":20,"msg":"Plugin loaded: \u001b[35mhexo-renderer-stylus\u001b[39m","time":"2016-10-13T03:33:37.484Z","v":0}
{"name":"hexo","hostname":"xuyuqiangdeMacBook-Pro-2.local","pid":22318,"level":20,"msg":"Plugin loaded: \u001b[35mhexo-server\u001b[39m","time":"2016-10-13T03:33:37.594Z","v":0}
{"name":"hexo","hostname":"xuyuqiangdeMacBook-Pro-2.local","pid":22318,"level":20,"msg":"Loading database.","time":"2016-10-13T03:33:37.604Z","v":0}
{"name":"hexo","hostname":"xuyuqiangdeMacBook-Pro-2.local","pid":22318,"level":30,"msg":"Start processing","time":"2016-10-13T03:33:37.651Z","v":0}
{"name":"hexo","hostname":"xuyuqiangdeMacBook-Pro-2.local","pid":22318,"level":20,"msg":"Processed: \u001b[35mCNAME\u001b[39m","time":"2016-10-13T03:33:37.734Z","v":0}
{"name":"hexo","hostname":"xuyuqiangdeMacBook-Pro-2.local","pid":22318,"level":20,"msg":"Processed: \u001b[35m_posts/hello-world.md\u001b[39m","time":"2016-10-13T03:33:37.764Z","v":0}
{"name":"hexo","hostname":"xuyuqiangdeMacBook-Pro-2.local","pid":22318,"level":20,"msg":"Theme config loaded.","time":"2016-10-13T03:33:37.839Z","v":0}
{"name":"hexo","hostname":"xuyuqiangdeMacBook-Pro-2.local","pid":22318,"level":20,"msg":"Processed: \u001b[35m_config.yml\u001b[39m","time":"2016-10-13T03:33:37.845Z","v":0}
{"name":"hexo","hostname":"xuyuqiangdeMacBook-Pro-2.local","pid":22318,"level":20,"msg":"Processed: \u001b[35msource/css/main.styl\u001b[39m","time":"2016-10-13T03:33:37.845Z","v":0}
{"name":"hexo","hostname":"xuyuqiangdeMacBook-Pro-2.local","pid":22318,"level":20,"msg":"Processed: \u001b[35msource/images/avatar.gif\u001b[39m","time":"2016-10-13T03:33:37.846Z","v":0}
{"name":"hexo","hostname":"xuyuqiangdeMacBook-Pro-2.local","pid":22318,"level":20,"msg":"Processed: \u001b[35msource/images/cc-by-nc-nd.svg\u001b[39m","time":"2016-10-13T03:33:37.846Z","v":0}
{"name":"hexo","hostname":"xuyuqiangdeMacBook-Pro-2.local","pid":22318,"level":20,"msg":"Processed: \u001b[35msource/images/cc-by-nc-sa.svg\u001b[39m","time":"2016-10-13T03:33:37.846Z","v":0}
{"name":"hexo","hostname":"xuyuqiangdeMacBook-Pro-2.local","pid":22318,"level":20,"msg":"Processed: \u001b[35msource/images/cc-by-nc.svg\u001b[39m","time":"2016-10-13T03:33:37.847Z","v":0}
{"name":"hexo","hostname":"xuyuqiangdeMacBook-Pro-2.local","pid":22318,"level":20,"msg":"Processed: \u001b[35msource/images/cc-by-nd.svg\u001b[39m","time":"2016-10-13T03:33:37.847Z","v":0}
{"name":"hexo","hostname":"xuyuqiangdeMacBook-Pro-2.local","pid":22318,"level":20,"msg":"Processed: \u001b[35msource/images/cc-by-sa.svg\u001b[39m","time":"2016-10-13T03:33:37.848Z","v":0}
{"name":"hexo","hostname":"xuyuqiangdeMacBook-Pro-2.local","pid":22318,"level":20,"msg":"Processed: \u001b[35msource/images/cc-zero.svg\u001b[39m","time":"2016-10-13T03:33:37.848Z","v":0}
{"name":"hexo","hostname":"xuyuqiangdeMacBook-Pro-2.local","pid":22318,"level":20,"msg":"Processed: \u001b[35msource/images/cc-by.svg\u001b[39m","time":"2016-10-13T03:33:37.849Z","v":0}
{"name":"hexo","hostname":"xuyuqiangdeMacBook-Pro-2.local","pid":22318,"level":20,"msg":"Processed: \u001b[35msource/images/loading.gif\u001b[39m","time":"2016-10-13T03:33:37.849Z","v":0}
{"name":"hexo","hostname":"xuyuqiangdeMacBook-Pro-2.local","pid":22318,"level":20,"msg":"Processed: \u001b[35msource/images/placeholder.gif\u001b[39m","time":"2016-10-13T03:33:37.849Z","v":0}
{"name":"hexo","hostname":"xuyuqiangdeMacBook-Pro-2.local","pid":22318,"level":20,"msg":"Processed: \u001b[35msource/images/quote-l.svg\u001b[39m","time":"2016-10-13T03:33:37.849Z","v":0}
{"name":"hexo","hostname":"xuyuqiangdeMacBook-Pro-2.local","pid":22318,"level":20,"msg":"Processed: \u001b[35msource/images/quote-r.svg\u001b[39m","time":"2016-10-13T03:33:37.850Z","v":0}
{"name":"hexo","hostname":"xuyuqiangdeMacBook-Pro-2.local","pid":22318,"level":20,"msg":"Processed: \u001b[35msource/images/searchicon.png\u001b[39m","time":"2016-10-13T03:33:37.850Z","v":0}
{"name":"hexo","hostname":"xuyuqiangdeMacBook-Pro-2.local","pid":22318,"level":20,"msg":"Processed: \u001b[35mlayout/_layout.swig\u001b[39m","time":"2016-10-13T03:33:38.006Z","v":0}
{"name":"hexo","hostname":"xuyuqiangdeMacBook-Pro-2.local","pid":22318,"level":20,"msg":"Processed: \u001b[35mlayout/archive.swig\u001b[39m","time":"2016-10-13T03:33:38.006Z","v":0}
{"name":"hexo","hostname":"xuyuqiangdeMacBook-Pro-2.local","pid":22318,"level":20,"msg":"Processed: \u001b[35mlayout/category.swig\u001b[39m","time":"2016-10-13T03:33:38.007Z","v":0}
{"name":"hexo","hostname":"xuyuqiangdeMacBook-Pro-2.local","pid":22318,"level":20,"msg":"Processed: \u001b[35mlayout/index.swig\u001b[39m","time":"2016-10-13T03:33:38.007Z","v":0}
{"name":"hexo","hostname":"xuyuqiangdeMacBook-Pro-2.local","pid":22318,"level":20,"msg":"Processed: \u001b[35mlayout/page.swig\u001b[39m","time":"2016-10-13T03:33:38.007Z","v":0}
{"name":"hexo","hostname":"xuyuqiangdeMacBook-Pro-2.local","pid":22318,"level":20,"msg":"Processed: \u001b[35mlayout/post.swig\u001b[39m","time":"2016-10-13T03:33:38.007Z","v":0}
{"name":"hexo","hostname":"xuyuqiangdeMacBook-Pro-2.local","pid":22318,"level":20,"msg":"Processed: \u001b[35mlayout/tag.swig\u001b[39m","time":"2016-10-13T03:33:38.007Z","v":0}
{"name":"hexo","hostname":"xuyuqiangdeMacBook-Pro-2.local","pid":22318,"level":20,"msg":"Processed: \u001b[35mlanguages/de.yml\u001b[39m","time":"2016-10-13T03:33:38.016Z","v":0}
{"name":"hexo","hostname":"xuyuqiangdeMacBook-Pro-2.local","pid":22318,"level":20,"msg":"Processed: \u001b[35mlanguages/default.yml\u001b[39m","time":"2016-10-13T03:33:38.016Z","v":0}
{"name":"hexo","hostname":"xuyuqiangdeMacBook-Pro-2.local","pid":22318,"level":20,"msg":"Processed: \u001b[35mlanguages/en.yml\u001b[39m","time":"2016-10-13T03:33:38.016Z","v":0}
{"name":"hexo","hostname":"xuyuqiangdeMacBook-Pro-2.local","pid":22318,"level":20,"msg":"Processed: \u001b[35mlanguages/fr-FR.yml\u001b[39m","time":"2016-10-13T03:33:38.016Z","v":0}
{"name":"hexo","hostname":"xuyuqiangdeMacBook-Pro-2.local","pid":22318,"level":20,"msg":"Processed: \u001b[35mlanguages/id.yml\u001b[39m","time":"2016-10-13T03:33:38.016Z","v":0}
{"name":"hexo","hostname":"xuyuqiangdeMacBook-Pro-2.local","pid":22318,"level":20,"msg":"Processed: \u001b[35mlanguages/ja.yml\u001b[39m","time":"2016-10-13T03:33:38.017Z","v":0}
{"name":"hexo","hostname":"xuyuqiangdeMacBook-Pro-2.local","pid":22318,"level":20,"msg":"Processed: \u001b[35mlanguages/ko.yml\u001b[39m","time":"2016-10-13T03:33:38.017Z","v":0}
{"name":"hexo","hostname":"xuyuqiangdeMacBook-Pro-2.local","pid":22318,"level":20,"msg":"Processed: \u001b[35mlanguages/pt-BR.yml\u001b[39m","time":"2016-10-13T03:33:38.017Z","v":0}
{"name":"hexo","hostname":"xuyuqiangdeMacBook-Pro-2.local","pid":22318,"level":20,"msg":"Processed: \u001b[35mlanguages/ru.yml\u001b[39m","time":"2016-10-13T03:33:38.017Z","v":0}
{"name":"hexo","hostname":"xuyuqiangdeMacBook-Pro-2.local","pid":22318,"level":20,"msg":"Processed: \u001b[35mlanguages/pt.yml\u001b[39m","time":"2016-10-13T03:33:38.017Z","v":0}
{"name":"hexo","hostname":"xuyuqiangdeMacBook-Pro-2.local","pid":22318,"level":20,"msg":"Processed: \u001b[35mlanguages/zh-Hans.yml\u001b[39m","time":"2016-10-13T03:33:38.018Z","v":0}
{"name":"hexo","hostname":"xuyuqiangdeMacBook-Pro-2.local","pid":22318,"level":20,"msg":"Processed: \u001b[35mlanguages/zh-hk.yml\u001b[39m","time":"2016-10-13T03:33:38.018Z","v":0}
{"name":"hexo","hostname":"xuyuqiangdeMacBook-Pro-2.local","pid":22318,"level":20,"msg":"Processed: \u001b[35mlanguages/zh-tw.yml\u001b[39m","time":"2016-10-13T03:33:38.018Z","v":0}
{"name":"hexo","hostname":"xuyuqiangdeMacBook-Pro-2.local","pid":22318,"level":20,"msg":"Processed: \u001b[35msource/js/src/affix.js\u001b[39m","time":"2016-10-13T03:33:38.018Z","v":0}
{"name":"hexo","hostname":"xuyuqiangdeMacBook-Pro-2.local","pid":22318,"level":20,"msg":"Processed: \u001b[35msource/js/src/bootstrap.js\u001b[39m","time":"2016-10-13T03:33:38.019Z","v":0}
{"name":"hexo","hostname":"xuyuqiangdeMacBook-Pro-2.local","pid":22318,"level":20,"msg":"Processed: \u001b[35msource/js/src/motion.js\u001b[39m","time":"2016-10-13T03:33:38.019Z","v":0}
{"name":"hexo","hostname":"xuyuqiangdeMacBook-Pro-2.local","pid":22318,"level":20,"msg":"Processed: \u001b[35msource/js/src/hook-duoshuo.js\u001b[39m","time":"2016-10-13T03:33:38.020Z","v":0}
{"name":"hexo","hostname":"xuyuqiangdeMacBook-Pro-2.local","pid":22318,"level":20,"msg":"Processed: \u001b[35msource/js/src/post-details.js\u001b[39m","time":"2016-10-13T03:33:38.020Z","v":0}
{"name":"hexo","hostname":"xuyuqiangdeMacBook-Pro-2.local","pid":22318,"level":20,"msg":"Processed: \u001b[35msource/js/src/scrollspy.js\u001b[39m","time":"2016-10-13T03:33:38.020Z","v":0}
{"name":"hexo","hostname":"xuyuqiangdeMacBook-Pro-2.local","pid":22318,"level":20,"msg":"Processed: \u001b[35msource/js/src/utils.js\u001b[39m","time":"2016-10-13T03:33:38.020Z","v":0}
{"name":"hexo","hostname":"xuyuqiangdeMacBook-Pro-2.local","pid":22318,"level":20,"msg":"Processed: \u001b[35msource/vendors/fastclick/LICENSE\u001b[39m","time":"2016-10-13T03:33:38.021Z","v":0}
{"name":"hexo","hostname":"xuyuqiangdeMacBook-Pro-2.local","pid":22318,"level":20,"msg":"Processed: \u001b[35msource/vendors/fastclick/README.md\u001b[39m","time":"2016-10-13T03:33:38.021Z","v":0}
{"name":"hexo","hostname":"xuyuqiangdeMacBook-Pro-2.local","pid":22318,"level":20,"msg":"Processed: \u001b[35msource/vendors/fastclick/bower.json\u001b[39m","time":"2016-10-13T03:33:38.021Z","v":0}
{"name":"hexo","hostname":"xuyuqiangdeMacBook-Pro-2.local","pid":22318,"level":20,"msg":"Processed: \u001b[35msource/vendors/font-awesome/HELP-US-OUT.txt\u001b[39m","time":"2016-10-13T03:33:38.021Z","v":0}
{"name":"hexo","hostname":"xuyuqiangdeMacBook-Pro-2.local","pid":22318,"level":20,"msg":"Processed: \u001b[35msource/vendors/font-awesome/bower.json\u001b[39m","time":"2016-10-13T03:33:38.023Z","v":0}
{"name":"hexo","hostname":"xuyuqiangdeMacBook-Pro-2.local","pid":22318,"level":20,"msg":"Processed: \u001b[35msource/vendors/jquery_lazyload/CONTRIBUTING.md\u001b[39m","time":"2016-10-13T03:33:38.023Z","v":0}
{"name":"hexo","hostname":"xuyuqiangdeMacBook-Pro-2.local","pid":22318,"level":20,"msg":"Processed: \u001b[35msource/vendors/jquery_lazyload/README.md\u001b[39m","time":"2016-10-13T03:33:38.024Z","v":0}
{"name":"hexo","hostname":"xuyuqiangdeMacBook-Pro-2.local","pid":22318,"level":20,"msg":"Processed: \u001b[35msource/vendors/jquery_lazyload/bower.json\u001b[39m","time":"2016-10-13T03:33:38.024Z","v":0}
{"name":"hexo","hostname":"xuyuqiangdeMacBook-Pro-2.local","pid":22318,"level":20,"msg":"Processed: \u001b[35msource/vendors/jquery_lazyload/jquery.lazyload.js\u001b[39m","time":"2016-10-13T03:33:38.024Z","v":0}
{"name":"hexo","hostname":"xuyuqiangdeMacBook-Pro-2.local","pid":22318,"level":20,"msg":"Processed: \u001b[35msource/vendors/jquery_lazyload/jquery.scrollstop.js\u001b[39m","time":"2016-10-13T03:33:38.025Z","v":0}
{"name":"hexo","hostname":"xuyuqiangdeMacBook-Pro-2.local","pid":22318,"level":20,"msg":"Processed: \u001b[35msource/vendors/velocity/bower.json\u001b[39m","time":"2016-10-13T03:33:38.026Z","v":0}
{"name":"hexo","hostname":"xuyuqiangdeMacBook-Pro-2.local","pid":22318,"level":20,"msg":"Processed: \u001b[35msource/vendors/velocity/velocity.min.js\u001b[39m","time":"2016-10-13T03:33:38.026Z","v":0}
{"name":"hexo","hostname":"xuyuqiangdeMacBook-Pro-2.local","pid":22318,"level":20,"msg":"Processed: \u001b[35msource/vendors/velocity/velocity.ui.js\u001b[39m","time":"2016-10-13T03:33:38.026Z","v":0}
{"name":"hexo","hostname":"xuyuqiangdeMacBook-Pro-2.local","pid":22318,"level":20,"msg":"Processed: \u001b[35msource/vendors/velocity/velocity.ui.min.js\u001b[39m","time":"2016-10-13T03:33:38.027Z","v":0}
{"name":"hexo","hostname":"xuyuqiangdeMacBook-Pro-2.local","pid":22318,"level":20,"msg":"Processed: \u001b[35msource/vendors/jquery/index.js\u001b[39m","time":"2016-10-13T03:33:38.040Z","v":0}
{"name":"hexo","hostname":"xuyuqiangdeMacBook-Pro-2.local","pid":22318,"level":20,"msg":"Processed: \u001b[35mlayout/_macro/post-collapse.swig\u001b[39m","time":"2016-10-13T03:33:38.075Z","v":0}
{"name":"hexo","hostname":"xuyuqiangdeMacBook-Pro-2.local","pid":22318,"level":20,"msg":"Processed: \u001b[35mlayout/_macro/post.swig\u001b[39m","time":"2016-10-13T03:33:38.075Z","v":0}
{"name":"hexo","hostname":"xuyuqiangdeMacBook-Pro-2.local","pid":22318,"level":20,"msg":"Processed: \u001b[35mlayout/_macro/sidebar.swig\u001b[39m","time":"2016-10-13T03:33:38.075Z","v":0}
{"name":"hexo","hostname":"xuyuqiangdeMacBook-Pro-2.local","pid":22318,"level":20,"msg":"Processed: \u001b[35mlayout/_macro/reward.swig\u001b[39m","time":"2016-10-13T03:33:38.075Z","v":0}
{"name":"hexo","hostname":"xuyuqiangdeMacBook-Pro-2.local","pid":22318,"level":20,"msg":"Processed: \u001b[35mlayout/_macro/wechat-subscriber.swig\u001b[39m","time":"2016-10-13T03:33:38.076Z","v":0}
{"name":"hexo","hostname":"xuyuqiangdeMacBook-Pro-2.local","pid":22318,"level":20,"msg":"Processed: \u001b[35mlayout/_partials/comments.swig\u001b[39m","time":"2016-10-13T03:33:38.076Z","v":0}
{"name":"hexo","hostname":"xuyuqiangdeMacBook-Pro-2.local","pid":22318,"level":20,"msg":"Processed: \u001b[35mlayout/_partials/duoshuo-hot-articles.swig\u001b[39m","time":"2016-10-13T03:33:38.076Z","v":0}
{"name":"hexo","hostname":"xuyuqiangdeMacBook-Pro-2.local","pid":22318,"level":20,"msg":"Processed: \u001b[35mlayout/_partials/footer.swig\u001b[39m","time":"2016-10-13T03:33:38.076Z","v":0}
{"name":"hexo","hostname":"xuyuqiangdeMacBook-Pro-2.local","pid":22318,"level":20,"msg":"Processed: \u001b[35mlayout/_partials/head.swig\u001b[39m","time":"2016-10-13T03:33:38.076Z","v":0}
{"name":"hexo","hostname":"xuyuqiangdeMacBook-Pro-2.local","pid":22318,"level":20,"msg":"Processed: \u001b[35mlayout/_partials/header.swig\u001b[39m","time":"2016-10-13T03:33:38.076Z","v":0}
{"name":"hexo","hostname":"xuyuqiangdeMacBook-Pro-2.local","pid":22318,"level":20,"msg":"Processed: \u001b[35mlayout/_partials/pagination.swig\u001b[39m","time":"2016-10-13T03:33:38.076Z","v":0}
{"name":"hexo","hostname":"xuyuqiangdeMacBook-Pro-2.local","pid":22318,"level":20,"msg":"Processed: \u001b[35mlayout/_partials/search.swig\u001b[39m","time":"2016-10-13T03:33:38.076Z","v":0}
{"name":"hexo","hostname":"xuyuqiangdeMacBook-Pro-2.local","pid":22318,"level":20,"msg":"Processed: \u001b[35mlayout/_scripts/baidu-push.swig\u001b[39m","time":"2016-10-13T03:33:38.076Z","v":0}
{"name":"hexo","hostname":"xuyuqiangdeMacBook-Pro-2.local","pid":22318,"level":20,"msg":"Processed: \u001b[35mlayout/_scripts/boostrap.swig\u001b[39m","time":"2016-10-13T03:33:38.076Z","v":0}
{"name":"hexo","hostname":"xuyuqiangdeMacBook-Pro-2.local","pid":22318,"level":20,"msg":"Processed: \u001b[35mlayout/_scripts/commons.swig\u001b[39m","time":"2016-10-13T03:33:38.076Z","v":0}
{"name":"hexo","hostname":"xuyuqiangdeMacBook-Pro-2.local","pid":22318,"level":20,"msg":"Processed: \u001b[35mlayout/_scripts/vendors.swig\u001b[39m","time":"2016-10-13T03:33:38.076Z","v":0}
{"name":"hexo","hostname":"xuyuqiangdeMacBook-Pro-2.local","pid":22318,"level":20,"msg":"Processed: \u001b[35msource/vendors/fancybox/source/blank.gif\u001b[39m","time":"2016-10-13T03:33:38.079Z","v":0}
{"name":"hexo","hostname":"xuyuqiangdeMacBook-Pro-2.local","pid":22318,"level":20,"msg":"Processed: \u001b[35msource/vendors/fancybox/source/fancybox_loading.gif\u001b[39m","time":"2016-10-13T03:33:38.079Z","v":0}
{"name":"hexo","hostname":"xuyuqiangdeMacBook-Pro-2.local","pid":22318,"level":20,"msg":"Processed: \u001b[35msource/vendors/fancybox/source/fancybox_loading@2x.gif\u001b[39m","time":"2016-10-13T03:33:38.079Z","v":0}
{"name":"hexo","hostname":"xuyuqiangdeMacBook-Pro-2.local","pid":22318,"level":20,"msg":"Processed: \u001b[35msource/vendors/fancybox/source/fancybox_overlay.png\u001b[39m","time":"2016-10-13T03:33:38.080Z","v":0}
{"name":"hexo","hostname":"xuyuqiangdeMacBook-Pro-2.local","pid":22318,"level":20,"msg":"Processed: \u001b[35msource/vendors/fancybox/source/fancybox_sprite.png\u001b[39m","time":"2016-10-13T03:33:38.080Z","v":0}
{"name":"hexo","hostname":"xuyuqiangdeMacBook-Pro-2.local","pid":22318,"level":20,"msg":"Processed: \u001b[35msource/vendors/fancybox/source/fancybox_sprite@2x.png\u001b[39m","time":"2016-10-13T03:33:38.080Z","v":0}
{"name":"hexo","hostname":"xuyuqiangdeMacBook-Pro-2.local","pid":22318,"level":20,"msg":"Processed: \u001b[35msource/vendors/fancybox/source/jquery.fancybox.css\u001b[39m","time":"2016-10-13T03:33:38.081Z","v":0}
{"name":"hexo","hostname":"xuyuqiangdeMacBook-Pro-2.local","pid":22318,"level":20,"msg":"Processed: \u001b[35msource/vendors/fancybox/source/jquery.fancybox.js\u001b[39m","time":"2016-10-13T03:33:38.081Z","v":0}
{"name":"hexo","hostname":"xuyuqiangdeMacBook-Pro-2.local","pid":22318,"level":20,"msg":"Processed: \u001b[35msource/vendors/fancybox/source/jquery.fancybox.pack.js\u001b[39m","time":"2016-10-13T03:33:38.081Z","v":0}
{"name":"hexo","hostname":"xuyuqiangdeMacBook-Pro-2.local","pid":22318,"level":20,"msg":"Processed: \u001b[35msource/js/src/schemes/pisces.js\u001b[39m","time":"2016-10-13T03:33:38.082Z","v":0}
{"name":"hexo","hostname":"xuyuqiangdeMacBook-Pro-2.local","pid":22318,"level":20,"msg":"Processed: \u001b[35msource/vendors/fastclick/lib/fastclick.js\u001b[39m","time":"2016-10-13T03:33:38.082Z","v":0}
{"name":"hexo","hostname":"xuyuqiangdeMacBook-Pro-2.local","pid":22318,"level":20,"msg":"Processed: \u001b[35msource/vendors/fastclick/lib/fastclick.min.js\u001b[39m","time":"2016-10-13T03:33:38.082Z","v":0}
{"name":"hexo","hostname":"xuyuqiangdeMacBook-Pro-2.local","pid":22318,"level":20,"msg":"Processed: \u001b[35msource/vendors/font-awesome/css/font-awesome.css\u001b[39m","time":"2016-10-13T03:33:38.082Z","v":0}
{"name":"hexo","hostname":"xuyuqiangdeMacBook-Pro-2.local","pid":22318,"level":20,"msg":"Processed: \u001b[35msource/vendors/font-awesome/css/font-awesome.css.map\u001b[39m","time":"2016-10-13T03:33:38.083Z","v":0}
{"name":"hexo","hostname":"xuyuqiangdeMacBook-Pro-2.local","pid":22318,"level":20,"msg":"Processed: \u001b[35msource/vendors/font-awesome/css/font-awesome.min.css\u001b[39m","time":"2016-10-13T03:33:38.083Z","v":0}
{"name":"hexo","hostname":"xuyuqiangdeMacBook-Pro-2.local","pid":22318,"level":20,"msg":"Processed: \u001b[35msource/vendors/font-awesome/fonts/fontawesome-webfont.woff2\u001b[39m","time":"2016-10-13T03:33:38.083Z","v":0}
{"name":"hexo","hostname":"xuyuqiangdeMacBook-Pro-2.local","pid":22318,"level":20,"msg":"Processed: \u001b[35msource/vendors/ua-parser-js/dist/ua-parser.min.js\u001b[39m","time":"2016-10-13T03:33:38.083Z","v":0}
{"name":"hexo","hostname":"xuyuqiangdeMacBook-Pro-2.local","pid":22318,"level":20,"msg":"Processed: \u001b[35msource/vendors/ua-parser-js/dist/ua-parser.pack.js\u001b[39m","time":"2016-10-13T03:33:38.083Z","v":0}
{"name":"hexo","hostname":"xuyuqiangdeMacBook-Pro-2.local","pid":22318,"level":20,"msg":"Processed: \u001b[35mlayout/_scripts/schemes/muse.swig\u001b[39m","time":"2016-10-13T03:33:38.087Z","v":0}
{"name":"hexo","hostname":"xuyuqiangdeMacBook-Pro-2.local","pid":22318,"level":20,"msg":"Processed: \u001b[35mlayout/_scripts/schemes/mist.swig\u001b[39m","time":"2016-10-13T03:33:38.087Z","v":0}
{"name":"hexo","hostname":"xuyuqiangdeMacBook-Pro-2.local","pid":22318,"level":20,"msg":"Processed: \u001b[35msource/vendors/font-awesome/fonts/FontAwesome.otf\u001b[39m","time":"2016-10-13T03:33:38.088Z","v":0}
{"name":"hexo","hostname":"xuyuqiangdeMacBook-Pro-2.local","pid":22318,"level":20,"msg":"Processed: \u001b[35msource/vendors/font-awesome/fonts/fontawesome-webfont.eot\u001b[39m","time":"2016-10-13T03:33:38.088Z","v":0}
{"name":"hexo","hostname":"xuyuqiangdeMacBook-Pro-2.local","pid":22318,"level":20,"msg":"Processed: \u001b[35msource/vendors/font-awesome/fonts/fontawesome-webfont.woff\u001b[39m","time":"2016-10-13T03:33:38.088Z","v":0}
{"name":"hexo","hostname":"xuyuqiangdeMacBook-Pro-2.local","pid":22318,"level":20,"msg":"Processed: \u001b[35msource/vendors/velocity/velocity.js\u001b[39m","time":"2016-10-13T03:33:38.088Z","v":0}
{"name":"hexo","hostname":"xuyuqiangdeMacBook-Pro-2.local","pid":22318,"level":20,"msg":"Processed: \u001b[35mlayout/_partials/head/external-fonts.swig\u001b[39m","time":"2016-10-13T03:33:38.100Z","v":0}
{"name":"hexo","hostname":"xuyuqiangdeMacBook-Pro-2.local","pid":22318,"level":20,"msg":"Processed: \u001b[35mlayout/_partials/search/localsearch.swig\u001b[39m","time":"2016-10-13T03:33:38.100Z","v":0}
{"name":"hexo","hostname":"xuyuqiangdeMacBook-Pro-2.local","pid":22318,"level":20,"msg":"Processed: \u001b[35mlayout/_partials/search/swiftype.swig\u001b[39m","time":"2016-10-13T03:33:38.100Z","v":0}
{"name":"hexo","hostname":"xuyuqiangdeMacBook-Pro-2.local","pid":22318,"level":20,"msg":"Processed: \u001b[35mlayout/_partials/share/add-this.swig\u001b[39m","time":"2016-10-13T03:33:38.100Z","v":0}
{"name":"hexo","hostname":"xuyuqiangdeMacBook-Pro-2.local","pid":22318,"level":20,"msg":"Processed: \u001b[35mlayout/_partials/search/tinysou.swig\u001b[39m","time":"2016-10-13T03:33:38.100Z","v":0}
{"name":"hexo","hostname":"xuyuqiangdeMacBook-Pro-2.local","pid":22318,"level":20,"msg":"Processed: \u001b[35mlayout/_partials/share/duoshuo_share.swig\u001b[39m","time":"2016-10-13T03:33:38.100Z","v":0}
{"name":"hexo","hostname":"xuyuqiangdeMacBook-Pro-2.local","pid":22318,"level":20,"msg":"Processed: \u001b[35mlayout/_partials/share/baidushare.swig\u001b[39m","time":"2016-10-13T03:33:38.100Z","v":0}
{"name":"hexo","hostname":"xuyuqiangdeMacBook-Pro-2.local","pid":22318,"level":20,"msg":"Processed: \u001b[35mlayout/_partials/share/jiathis.swig\u001b[39m","time":"2016-10-13T03:33:38.100Z","v":0}
{"name":"hexo","hostname":"xuyuqiangdeMacBook-Pro-2.local","pid":22318,"level":20,"msg":"Processed: \u001b[35mlayout/_scripts/pages/post-details.swig\u001b[39m","time":"2016-10-13T03:33:38.100Z","v":0}
{"name":"hexo","hostname":"xuyuqiangdeMacBook-Pro-2.local","pid":22318,"level":20,"msg":"Processed: \u001b[35mlayout/_scripts/schemes/pisces.swig\u001b[39m","time":"2016-10-13T03:33:38.100Z","v":0}
{"name":"hexo","hostname":"xuyuqiangdeMacBook-Pro-2.local","pid":22318,"level":20,"msg":"Processed: \u001b[35mlayout/_scripts/third-party/analytics.swig\u001b[39m","time":"2016-10-13T03:33:38.101Z","v":0}
{"name":"hexo","hostname":"xuyuqiangdeMacBook-Pro-2.local","pid":22318,"level":20,"msg":"Processed: \u001b[35mlayout/_scripts/third-party/comments.swig\u001b[39m","time":"2016-10-13T03:33:38.101Z","v":0}
{"name":"hexo","hostname":"xuyuqiangdeMacBook-Pro-2.local","pid":22318,"level":20,"msg":"Processed: \u001b[35mlayout/_scripts/third-party/lean-analytics.swig\u001b[39m","time":"2016-10-13T03:33:38.101Z","v":0}
{"name":"hexo","hostname":"xuyuqiangdeMacBook-Pro-2.local","pid":22318,"level":20,"msg":"Processed: \u001b[35mlayout/_scripts/third-party/localsearch.swig\u001b[39m","time":"2016-10-13T03:33:38.101Z","v":0}
{"name":"hexo","hostname":"xuyuqiangdeMacBook-Pro-2.local","pid":22318,"level":20,"msg":"Processed: \u001b[35mlayout/_scripts/third-party/mathjax.swig\u001b[39m","time":"2016-10-13T03:33:38.102Z","v":0}
{"name":"hexo","hostname":"xuyuqiangdeMacBook-Pro-2.local","pid":22318,"level":20,"msg":"Processed: \u001b[35mlayout/_scripts/third-party/tinysou.swig\u001b[39m","time":"2016-10-13T03:33:38.102Z","v":0}
{"name":"hexo","hostname":"xuyuqiangdeMacBook-Pro-2.local","pid":22318,"level":20,"msg":"Processed: \u001b[35msource/vendors/fancybox/source/helpers/fancybox_buttons.png\u001b[39m","time":"2016-10-13T03:33:38.112Z","v":0}
{"name":"hexo","hostname":"xuyuqiangdeMacBook-Pro-2.local","pid":22318,"level":20,"msg":"Processed: \u001b[35msource/vendors/fancybox/source/helpers/jquery.fancybox-buttons.css\u001b[39m","time":"2016-10-13T03:33:38.112Z","v":0}
{"name":"hexo","hostname":"xuyuqiangdeMacBook-Pro-2.local","pid":22318,"level":20,"msg":"Processed: \u001b[35msource/vendors/fancybox/source/helpers/jquery.fancybox-buttons.js\u001b[39m","time":"2016-10-13T03:33:38.113Z","v":0}
{"name":"hexo","hostname":"xuyuqiangdeMacBook-Pro-2.local","pid":22318,"level":20,"msg":"Processed: \u001b[35msource/vendors/fancybox/source/helpers/jquery.fancybox-media.js\u001b[39m","time":"2016-10-13T03:33:38.113Z","v":0}
{"name":"hexo","hostname":"xuyuqiangdeMacBook-Pro-2.local","pid":22318,"level":20,"msg":"Processed: \u001b[35msource/vendors/fancybox/source/helpers/jquery.fancybox-thumbs.css\u001b[39m","time":"2016-10-13T03:33:38.113Z","v":0}
{"name":"hexo","hostname":"xuyuqiangdeMacBook-Pro-2.local","pid":22318,"level":20,"msg":"Processed: \u001b[35msource/vendors/fancybox/source/helpers/jquery.fancybox-thumbs.js\u001b[39m","time":"2016-10-13T03:33:38.116Z","v":0}
{"name":"hexo","hostname":"xuyuqiangdeMacBook-Pro-2.local","pid":22318,"level":20,"msg":"Processed: \u001b[35msource/vendors/font-awesome/fonts/fontawesome-webfont.ttf\u001b[39m","time":"2016-10-13T03:33:38.116Z","v":0}
{"name":"hexo","hostname":"xuyuqiangdeMacBook-Pro-2.local","pid":22318,"level":20,"msg":"Processed: \u001b[35mlayout/_scripts/third-party/analytics/baidu-analytics.swig\u001b[39m","time":"2016-10-13T03:33:38.127Z","v":0}
{"name":"hexo","hostname":"xuyuqiangdeMacBook-Pro-2.local","pid":22318,"level":20,"msg":"Processed: \u001b[35mlayout/_scripts/third-party/analytics/busuanzi-counter.swig\u001b[39m","time":"2016-10-13T03:33:38.127Z","v":0}
{"name":"hexo","hostname":"xuyuqiangdeMacBook-Pro-2.local","pid":22318,"level":20,"msg":"Processed: \u001b[35mlayout/_scripts/third-party/analytics/cnzz-analytics.swig\u001b[39m","time":"2016-10-13T03:33:38.127Z","v":0}
{"name":"hexo","hostname":"xuyuqiangdeMacBook-Pro-2.local","pid":22318,"level":20,"msg":"Processed: \u001b[35mlayout/_scripts/third-party/analytics/facebook-sdk.swig\u001b[39m","time":"2016-10-13T03:33:38.127Z","v":0}
{"name":"hexo","hostname":"xuyuqiangdeMacBook-Pro-2.local","pid":22318,"level":20,"msg":"Processed: \u001b[35mlayout/_scripts/third-party/analytics/google-analytics.swig\u001b[39m","time":"2016-10-13T03:33:38.128Z","v":0}
{"name":"hexo","hostname":"xuyuqiangdeMacBook-Pro-2.local","pid":22318,"level":20,"msg":"Processed: \u001b[35mlayout/_scripts/third-party/analytics/tencent-analytics.swig\u001b[39m","time":"2016-10-13T03:33:38.128Z","v":0}
{"name":"hexo","hostname":"xuyuqiangdeMacBook-Pro-2.local","pid":22318,"level":20,"msg":"Processed: \u001b[35mlayout/_scripts/third-party/comments/disqus.swig\u001b[39m","time":"2016-10-13T03:33:38.129Z","v":0}
{"name":"hexo","hostname":"xuyuqiangdeMacBook-Pro-2.local","pid":22318,"level":20,"msg":"Processed: \u001b[35mlayout/_scripts/third-party/comments/duoshuo.swig\u001b[39m","time":"2016-10-13T03:33:38.129Z","v":0}
{"name":"hexo","hostname":"xuyuqiangdeMacBook-Pro-2.local","pid":22318,"level":20,"msg":"Processed: \u001b[35msource/vendors/font-awesome/fonts/fontawesome-webfont.svg\u001b[39m","time":"2016-10-13T03:33:38.132Z","v":0}
{"name":"hexo","hostname":"xuyuqiangdeMacBook-Pro-2.local","pid":22318,"level":20,"msg":"Generator: \u001b[35mpage\u001b[39m","time":"2016-10-13T03:33:38.229Z","v":0}
{"name":"hexo","hostname":"xuyuqiangdeMacBook-Pro-2.local","pid":22318,"level":20,"msg":"Generator: \u001b[35mpost\u001b[39m","time":"2016-10-13T03:33:38.229Z","v":0}
{"name":"hexo","hostname":"xuyuqiangdeMacBook-Pro-2.local","pid":22318,"level":20,"msg":"Generator: \u001b[35marchive\u001b[39m","time":"2016-10-13T03:33:38.229Z","v":0}
{"name":"hexo","hostname":"xuyuqiangdeMacBook-Pro-2.local","pid":22318,"level":20,"msg":"Generator: \u001b[35mcategory\u001b[39m","time":"2016-10-13T03:33:38.229Z","v":0}
{"name":"hexo","hostname":"xuyuqiangdeMacBook-Pro-2.local","pid":22318,"level":20,"msg":"Generator: \u001b[35mindex\u001b[39m","time":"2016-10-13T03:33:38.229Z","v":0}
{"name":"hexo","hostname":"xuyuqiangdeMacBook-Pro-2.local","pid":22318,"level":20,"msg":"Generator: \u001b[35mtag\u001b[39m","time":"2016-10-13T03:33:38.229Z","v":0}
{"name":"hexo","hostname":"xuyuqiangdeMacBook-Pro-2.local","pid":22318,"level":20,"msg":"Generator: \u001b[35masset\u001b[39m","time":"2016-10-13T03:33:38.231Z","v":0}
{"name":"hexo","hostname":"xuyuqiangdeMacBook-Pro-2.local","pid":22318,"level":30,"msg":"Hexo is running at \u001b[4mhttp://localhost:4000/\u001b[24m. Press Ctrl+C to stop.","time":"2016-10-13T03:33:38.239Z","v":0}
{"name":"hexo","hostname":"xuyuqiangdeMacBook-Pro-2.local","pid":22318,"level":20,"msg":"Database saved","time":"2016-10-13T03:33:38.253Z","v":0}
{"name":"hexo","hostname":"xuyuqiangdeMacBook-Pro-2.local","pid":22318,"level":20,"msg":"Rendering index: \u001b[35mindex.html\u001b[39m","time":"2016-10-13T03:33:46.451Z","v":0}
{"name":"hexo","hostname":"xuyuqiangdeMacBook-Pro-2.local","pid":22318,"level":30,"msg":"Have a nice day","time":"2016-10-13T03:34:22.087Z","v":0}
{"name":"hexo","hostname":"xuyuqiangdeMacBook-Pro-2.local","pid":22318,"level":20,"msg":"Database saved","time":"2016-10-13T03:34:22.101Z","v":0}
